2022-05-30T10:45:46.320672+0800 INFO 这是一条info日志
2022-05-30T10:45:46.320672+0800 WARNING 这是一条warning日志
2022-05-30T10:45:46.320672+0800 SUCCESS 这是一条success日志
2022-05-30T10:45:46.320672+0800 ERROR 这是一条error日志
2022-05-30 at 10:50:52 INFO 这是一条info日志
2022-05-30 at 10:50:52 WARNING 这是一条warning日志
2022-05-30 at 10:50:52 SUCCESS 这是一条success日志
2022-05-30 at 10:50:52 ERROR 这是一条error日志
2022-05-30 at 10:54:11 INFO 这是一条info日志
2022-05-30 at 10:54:11 WARNING 这是一条warning日志
2022-05-30 at 10:54:11 SUCCESS 这是一条success日志
2022-05-30 at 10:54:11 ERROR 这是一条error日志
2022-05-30 at 10:54:11 INFO 我的名字叫张三
2022-05-30 at 10:55:04 INFO 这是一条info日志
2022-05-30 at 10:55:04 WARNING 这是一条warning日志
2022-05-30 at 10:55:04 SUCCESS 这是一条success日志
2022-05-30 at 10:55:04 ERROR 这是一条error日志
2022-05-30 at 10:55:04 INFO 我的名字叫今天星期{}
2022-05-30 at 11:04:29 INFO 这是一条info日志
2022-05-30 at 11:04:29 WARNING 这是一条warning日志
2022-05-30 at 11:04:29 SUCCESS 这是一条success日志
2022-05-30 at 11:04:29 ERROR 这是一条error日志
2022-05-30 at 11:04:29 INFO 我的名字叫今天星期{}
2022-05-30 at 11:32:56 INFO 这是一条info日志
2022-05-30 at 11:32:56 WARNING 这是一条warning日志
2022-05-30 at 11:32:56 SUCCESS 这是一条success日志
2022-05-30 at 11:32:56 ERROR 这是一条error日志
2022-05-30 at 11:33:03 INFO 这是一条info日志
2022-05-30 at 11:33:03 WARNING 这是一条warning日志
2022-05-30 at 11:33:03 SUCCESS 这是一条success日志
2022-05-30 at 11:33:03 ERROR 这是一条error日志
2022-05-30 at 11:33:07 INFO 这是一条info日志
2022-05-30 at 11:33:07 WARNING 这是一条warning日志
2022-05-30 at 11:33:07 SUCCESS 这是一条success日志
2022-05-30 at 11:33:07 ERROR 这是一条error日志
2022-05-30 at 11:33:07 INFO 我的名字叫今天星期{}
